
[ â€‰â€‰â€…â€…UTCâ€…â€…â€‰â€‰ ] Logs for rpalanduse.streamlit.app/
â”€â”€â”€â”€â”€â”€â”€â”€â”€â”€â”€â”€â”€â”€â”€â”€â”€â”€â”€â”€â”€â”€â”€â”€â”€â”€â”€â”€â”€â”€â”€â”€â”€â”€â”€â”€â”€â”€â”€â”€â”€â”€â”€â”€â”€â”€â”€â”€â”€â”€â”€â”€â”€â”€â”€â”€â”€â”€â”€â”€â”€â”€â”€â”€â”€â”€â”€â”€â”€â”€â”€â”€â”€â”€â”€â”€â”€â”€â”€â”€â”€â”€â”€â”€â”€â”€â”€â”€
[22:55:45] ğŸ–¥ Provisioning machine...
[22:55:51] ğŸ› Preparing system...
[22:55:58] â›“ Spinning up manager process...
[22:56:05] ğŸˆ Inflating balloons...
[22:55:51] ğŸš€ Starting up repository: 'rpa-landuse', branch: 'main', main module: 'app.py'
[22:55:51] ğŸ™ Cloning repository...
[22:56:00] ğŸ™ Cloning into '/mount/src/rpa-landuse'...

[22:56:00] ğŸ™ Cloned repository!
[22:56:00] ğŸ™ Pulling code changes from Github...
[22:56:01] ğŸ“¦ Processing dependencies...

â”€â”€â”€â”€â”€â”€â”€â”€â”€â”€â”€â”€â”€â”€â”€â”€â”€â”€â”€â”€â”€â”€â”€â”€â”€â”€â”€â”€â”€â”€â”€â”€â”€â”€â”€â”€â”€â”€â”€â”€ uv â”€â”€â”€â”€â”€â”€â”€â”€â”€â”€â”€â”€â”€â”€â”€â”€â”€â”€â”€â”€â”€â”€â”€â”€â”€â”€â”€â”€â”€â”€â”€â”€â”€â”€â”€â”€â”€â”€â”€â”€â”€â”€â”€

Using uv pip install.
Using Python 3.12.10 environment at /home/adminuser/venv
  Ã— No solution found when resolving dependencies:
  â•°â”€â–¶ Because only the following versions of pandasai-openai are available:
          pandasai-openai==0.1.0
          pandasai-openai==0.1.2
          pandasai-openai==0.1.3
          pandasai-openai==0.1.4
          pandasai-openai==0.1.5
      and pandasai-openai==0.1.0 depends on pandasai>=3.0.0,<4.0.0, we can
      conclude that pandasai-openai<0.1.2 depends on pandasai>=3.0.0,<4.0.0.
      And because pandasai-openai==0.1.2 depends on pandasai>=3.0.0b0 and
      pandasai>=3.0.0b4, we can conclude that all versions of pandasai-openai
      depend on pandasai>=3.0.0b0.
      And because only pandasai<3.0.0b0 is available and you require
      pandasai-openai, we can conclude that your requirements are
      unsatisfiable.

      hint: pandasai was requested with a pre-release marker (e.g.,
      pandasai>=3.0.0b0), but pre-releases weren't enabled (try:
      `--prerelease=allow`)
Checking if Streamlit is installed
Installing rich for an improved exception logging
Using uv pip install.
Using Python 3.12.10 environment at /home/adminuser/venv
Resolved [2025-05-15 22:56:03.091436] 4 packages in 144ms
Prepared 4 packages in 143ms
Installed 4 packages in 22ms
 + markdown-it-py==3.0.0
 + mdurl==0.1.2[2025-05-15 22:56:03.258410] 
 + pygments==2.19.1
 + rich==14.0.0

â”€â”€â”€â”€â”€â”€â”€â”€â”€â”€â”€â”€â”€â”€â”€â”€â”€â”€â”€â”€â”€â”€â”€â”€â”€â”€â”€â”€â”€â”€â”€â”€â”€â”€â”€â”€â”€â”€â”€â”€â”€â”€â”€â”€â”€â”€â”€â”€â”€â”€â”€â”€â”€â”€â”€â”€â”€â”€â”€â”€â”€â”€â”€â”€â”€â”€â”€â”€â”€â”€â”€â”€â”€â”€â”€â”€â”€â”€â”€â”€â”€â”€â”€â”€â”€â”€â”€â”€


â”€â”€â”€â”€â”€â”€â”€â”€â”€â”€â”€â”€â”€â”€â”€â”€â”€â”€â”€â”€â”€â”€â”€â”€â”€â”€â”€â”€â”€â”€â”€â”€â”€â”€â”€â”€â”€â”€â”€â”€ pip â”€â”€â”€â”€â”€â”€â”€â”€â”€â”€â”€â”€â”€â”€â”€â”€â”€â”€â”€â”€â”€â”€â”€â”€â”€â”€â”€â”€â”€â”€â”€â”€â”€â”€â”€â”€â”€â”€â”€â”€â”€â”€â”€

Using standard pip install.
Collecting numpy<2.0.0,>=1.22.0 (from -r /mount/src/rpa-landuse/requirements.txt (line 2))
  Downloading numpy-1.26.4-cp312-cp312-manylinux_2_17_x86_64.manylinux2014_x86_64.whl.metadata (61 kB)
     â”â”â”â”â”â”â”â”â”â”â”â”â”â”â”â”â”â”â”â”â”â”â”â”â”â”â”â”â”â”â”â”â”â”â”â”â”â”â”â” 61.0/61.0 kB 3.8 MB/s eta 0:00:00[2025-05-15 22:56:05.942673] 
Collecting pandas (from -r /mount/src/rpa-landuse/requirements.txt (line 3))
  Downloading pandas-2.2.3-cp312-cp312-manylinux_2_17_x86_64.manylinux2014_x86_64.whl.metadata (89 kB)
     â”â”â”â”â”â”â”â”â”â”â”â”â”â”â”â”â”â”â”â”â”â”â”â”â”â”â”â”â”â”â”â”â”â”â”â”â”â”â” 89.9/89.9 kB 120.6 MB/s eta 0:00:00[2025-05-15 22:56:06.195518] 
Collecting duckdb (from -r /mount/src/rpa-landuse/requirements.txt (line 4))
  Downloading duckdb-1.2.2-cp312-cp312-manylinux_2_17_x86_64.manylinux2014_x86_64.whl.metadata (966 bytes)
Collecting pyarrow>=10.0.0 (from -r /mount/src/rpa-landuse/requirements.txt (line 5))
  Downloading pyarrow-20.0.0-cp312-cp312-manylinux_2_28_x86_64.whl.metadata (3.3 kB)
Collecting streamlit>=1.31 (from -r /mount/src/rpa-landuse/requirements.txt (line 8))
  Downloading streamlit-1.45.1-py3-none-any.whl.metadata (8.9 kB)
Collecting tqdm>=4.65.0 (from -r /mount/src/rpa-landuse/requirements.txt (line 11))
  Downloading tqdm-4.67.1-py3-none-any.whl.metadata (57 kB)
     â”â”â”â”â”â”â”â”â”â”â”â”â”â”â”â”â”â”â”â”â”â”â”â”â”â”â”â”â”â”â”â”â”â”â”â”â”â”â” 57.7/57.7 kB 126.1 MB/s eta 0:00:00[2025-05-15 22:56:06.872996] 
Collecting matplotlib (from -r /mount/src/rpa-landuse/requirements.txt (line 12))
  Downloading matplotlib-3.10.3-cp312-cp312-manylinux_2_17_x86_64.manylinux2014_x86_64.whl.metadata (11 kB)
Collecting httpx>=0.22.0 (from -r /mount/src/rpa-landuse/requirements.txt (line 13))
  Downloading httpx-0.28.1-py3-none-any.whl.metadata (7.1 kB)
Collecting python-dotenv>=1.0.0 (from -r /mount/src/rpa-landuse/requirements.txt (line 14))
  Downloading python_dotenv-1.1.0-py3-none-any.whl.metadata (24 kB)
Collecting scipy>=1.8.0 (from -r /mount/src/rpa-landuse/requirements.txt (line 15))
  Downloading scipy-1.15.3-cp312-cp312-manylinux_2_17_x86_64.manylinux2014_x86_64.whl.metadata (61 kB)
     â”â”â”â”â”â”â”â”â”â”â”â”â”â”â”â”â”â”â”â”â”â”â”â”â”â”â”â”â”â”â”â”â”â”â”â”â”â”â” 62.0/62.0 kB 119.7 MB/s eta 0:00:00[2025-05-15 22:56:07.507034] 
Collecting pandasai (from -r /mount/src/rpa-landuse/requirements.txt (line 18))
  Downloading pandasai-2.3.0-py3-none-any.whl.metadata (10 kB)
Collecting openai (from -r /mount/src/rpa-landuse/requirements.txt (line 19))
  Downloading openai-1.78.1-py3-none-any.whl.metadata (25 kB)
Collecting pandasai-openai (from -r /mount/src/rpa-landuse/requirements.txt (line 20))
  Downloading pandasai_openai-0.1.2-py3-none-any.whl.metadata (892 bytes)
Collecting python-dateutil>=2.8.2 (from pandas->-r /mount/src/rpa-landuse/requirements.txt (line 3))
  Downloading python_dateutil-2.9.0.post0-py2.py3-none-any.whl.metadata (8.4 kB)
Collecting pytz>=2020.1 (from pandas->-r /mount/src/rpa-landuse/requirements.txt (line 3))
  Downloading pytz-2025.2-py2.py3-none-any.whl.metadata (22 kB)
Collecting tzdata>=2022.7 (from pandas->-r /mount/src/rpa-landuse/requirements.txt (line 3))
  Downloading tzdata-2025.2-py2.py3-none-any.whl.metadata (1.4 kB)
Collecting altair<6,>=4.0 (from streamlit>=1.31->-r /mount/src/rpa-landuse/requirements.txt (line 8))
  Downloading altair-5.5.0-py3-none-any.whl.metadata (11 kB)
Collecting blinker<2,>=1.5.0 (from streamlit>=1.31->-r /mount/src/rpa-landuse/requirements.txt (line 8))
  Downloading blinker-1.9.0-py3-none-any.whl.metadata (1.6 kB)
Collecting cachetools<6,>=4.0 (from streamlit>=1.31->-r /mount/src/rpa-landuse/requirements.txt (line 8))
  Downloading cachetools-5.5.2-py3-none-any.whl.metadata (5.4 kB)
Collecting click<9,>=7.0 (from streamlit>=1.31->-r /mount/src/rpa-landuse/requirements.txt (line 8))
  Downloading click-8.2.0-py3-none-any.whl.metadata (2.5 kB)
Collecting packaging<25,>=20 (from streamlit>=1.31->-r /mount/src/rpa-landuse/requirements.txt (line 8))
  Downloading packaging-24.2-py3-none-any.whl.metadata (3.2 kB)
Collecting pillow<12,>=7.1.0 (from streamlit>=1.31->-r /mount/src/rpa-landuse/requirements.txt (line 8))
  Downloading pillow-11.2.1-cp312-cp312-manylinux_2_28_x86_64.whl.metadata (8.9 kB)
Collecting protobuf<7,>=3.20 (from streamlit>=1.31->-r /mount/src/rpa-landuse/requirements.txt (line 8))
  Downloading protobuf-6.31.0-cp39-abi3-manylinux2014_x86_64.whl.metadata (593 bytes)
Collecting requests<3,>=2.27 (from streamlit>=1.31->-r /mount/src/rpa-landuse/requirements.txt (line 8))
  Downloading requests-2.32.3-py3-none-any.whl.metadata (4.6 kB)
Collecting tenacity<10,>=8.1.0 (from streamlit>=1.31->-r /mount/src/rpa-landuse/requirements.txt (line 8))
  Downloading tenacity-9.1.2-py3-none-any.whl.metadata (1.2 kB)
Collecting toml<2,>=0.10.1 (from streamlit>=1.31->-r /mount/src/rpa-landuse/requirements.txt (line 8))
  Downloading toml-0.10.2-py2.py3-none-any.whl.metadata (7.1 kB)
Collecting typing-extensions<5,>=4.4.0 (from streamlit>=1.31->-r /mount/src/rpa-landuse/requirements.txt (line 8))
  Downloading typing_extensions-4.13.2-py3-none-any.whl.metadata (3.0 kB)
Collecting watchdog<7,>=2.1.5 (from streamlit>=1.31->-r /mount/src/rpa-landuse/requirements.txt (line 8))
  Downloading watchdog-6.0.0-py3-none-manylinux2014_x86_64.whl.metadata (44 kB)
     â”â”â”â”â”â”â”â”â”â”â”â”â”â”â”â”â”â”â”â”â”â”â”â”â”â”â”â”â”â”â”â”â”â”â”â”â”â”â” 44.3/44.3 kB 108.8 MB/s eta 0:00:00[2025-05-15 22:56:10.003004] 
Collecting gitpython!=3.1.19,<4,>=3.0.7 (from streamlit>=1.31->-r /mount/src/rpa-landuse/requirements.txt (line 8))
  Downloading GitPython-3.1.44-py3-none-any.whl.metadata (13 kB)
Collecting pydeck<1,>=0.8.0b4 (from streamlit>=1.31->-r /mount/src/rpa-landuse/requirements.txt (line 8))
  Downloading pydeck-0.9.1-py2.py3-none-any.whl.metadata (4.1 kB)
Collecting tornado<7,>=6.0.3 (from streamlit>=1.31->-r /mount/src/rpa-landuse/requirements.txt (line 8))
  Downloading tornado-6.5-cp39-abi3-manylinux_2_5_x86_64.manylinux1_x86_64.manylinux_2_17_x86_64.manylinux2014_x86_64.whl.metadata (2.8 kB)
Collecting contourpy>=1.0.1 (from matplotlib->-r /mount/src/rpa-landuse/requirements.txt (line 12))
  Downloading contourpy-1.3.2-cp312-cp312-manylinux_2_17_x86_64.manylinux2014_x86_64.whl.metadata (5.5 kB)
Collecting cycler>=0.10 (from matplotlib->-r /mount/src/rpa-landuse/requirements.txt (line 12))
  Downloading cycler-0.12.1-py3-none-any.whl.metadata (3.8 kB)
Collecting fonttools>=4.22.0 (from matplotlib->-r /mount/src/rpa-landuse/requirements.txt (line 12))
  Downloading fonttools-4.58.0-cp312-cp312-manylinux_2_5_x86_64.manylinux1_x86_64.manylinux_2_17_x86_64.manylinux2014_x86_64.whl.metadata (104 kB)
     â”â”â”â”â”â”â”â”â”â”â”â”â”â”â”â”â”â”â”â”â”â”â”â”â”â”â”â”â”â”â”â”â”â”â”â”â” 104.5/104.5 kB 130.6 MB/s eta 0:00:00[2025-05-15 22:56:10.952039] 
Collecting kiwisolver>=1.3.1 (from matplotlib->-r /mount/src/rpa-landuse/requirements.txt (line 12))
  Downloading kiwisolver-1.4.8-cp312-cp312-manylinux_2_17_x86_64.manylinux2014_x86_64.whl.metadata (6.2 kB)
Collecting pyparsing>=2.3.1 (from matplotlib->-r /mount/src/rpa-landuse/requirements.txt (line 12))
  Downloading pyparsing-3.2.3-py3-none-any.whl.metadata (5.0 kB)
Collecting anyio (from httpx>=0.22.0->-r /mount/src/rpa-landuse/requirements.txt (line 13))
  Downloading anyio-4.9.0-py3-none-any.whl.metadata (4.7 kB)
Collecting certifi (from httpx>=0.22.0->-r /mount/src/rpa-landuse/requirements.txt (line 13))
  Downloading certifi-2025.4.26-py3-none-any.whl.metadata (2.5 kB)
Collecting httpcore==1.* (from httpx>=0.22.0->-r /mount/src/rpa-landuse/requirements.txt (line 13))
  Downloading httpcore-1.0.9-py3-none-any.whl.metadata (21 kB)
Collecting idna (from httpx>=0.22.0->-r /mount/src/rpa-landuse/requirements.txt (line 13))
  Downloading idna-3.10-py3-none-any.whl.metadata (10 kB)
Collecting h11>=0.16 (from httpcore==1.*->httpx>=0.22.0->-r /mount/src/rpa-landuse/requirements.txt (line 13))
  Downloading h11-0.16.0-py3-none-any.whl.metadata (8.3 kB)
Collecting astor<0.9.0,>=0.8.1 (from pandasai->-r /mount/src/rpa-landuse/requirements.txt (line 18))
  Downloading astor-0.8.1-py2.py3-none-any.whl.metadata (4.2 kB)
Collecting faker<20.0.0,>=19.12.0 (from pandasai->-r /mount/src/rpa-landuse/requirements.txt (line 18))
  Downloading Faker-19.13.0-py3-none-any.whl.metadata (15 kB)
Collecting jinja2<4.0.0,>=3.1.3 (from pandasai->-r /mount/src/rpa-landuse/requirements.txt (line 18))
  Downloading jinja2-3.1.6-py3-none-any.whl.metadata (2.9 kB)
Collecting pandas (from -r /mount/src/rpa-landuse/requirements.txt (line 3))
  Downloading pandas-1.5.3.tar.gz (5.2 MB)
     â”â”â”â”â”â”â”â”â”â”â”â”â”â”â”â”â”â”â”â”â”â”â”â”â”â”â”â”â”â”â”â”â”â”â”â”â”â”â”â” 5.2/5.2 MB 96.2 MB/s eta 0:00:00[2025-05-15 22:56:12.175715] 
  Installing build dependencies: started
  Installing build dependencies: finished with status 'done'
  Getting requirements to build wheel: started
  Getting requirements to build wheel: still running...
  Getting requirements to build wheel: finished with status 'done'
  Preparing metadata (pyproject.toml): started
  Preparing metadata (pyproject.toml): finished with status 'done'
Collecting pillow<12,>=7.1.0 (from streamlit>=1.31->-r /mount/src/rpa-landuse/requirements.txt (line 8))
  Downloading pillow-10.4.0-cp312-cp312-manylinux_2_28_x86_64.whl.metadata (9.2 kB)
Collecting pydantic<3,>=1 (from pandasai->-r /mount/src/rpa-landuse/requirements.txt (line 18))
  Downloading pydantic-2.11.4-py3-none-any.whl.metadata (66 kB)
     â”â”â”â”â”â”â”â”â”â”â”â”â”â”â”â”â”â”â”â”â”â”â”â”â”â”â”â”â”â”â”â”â”â”â”â”â”â”â” 66.6/66.6 kB 144.6 MB/s eta 0:00:00[2025-05-15 22:58:01.997432] 
Collecting sqlalchemy<3,>=1.4 (from pandasai->-r /mount/src/rpa-landuse/requirements.txt (line 18))
  Downloading sqlalchemy-2.0.41-cp312-cp312-manylinux_2_17_x86_64.manylinux2014_x86_64.whl.metadata (9.6 kB)
Collecting sqlglot<26.0.0,>=25.0.3 (from sqlglot[rs]<26.0.0,>=25.0.3->pandasai->-r /mount/src/rpa-landuse/requirements.txt (line 18))
  Downloading sqlglot-25.34.1-py3-none-any.whl.metadata (19 kB)
Collecting distro<2,>=1.7.0 (from openai->-r /mount/src/rpa-landuse/requirements.txt (line 19))
  Downloading distro-1.9.0-py3-none-any.whl.metadata (6.8 kB)
Collecting jiter<1,>=0.4.0 (from openai->-r /mount/src/rpa-landuse/requirements.txt (line 19))
  Downloading jiter-0.9.0-cp312-cp312-manylinux_2_17_x86_64.manylinux2014_x86_64.whl.metadata (5.2 kB)
Collecting sniffio (from openai->-r /mount/src/rpa-landuse/requirements.txt (line 19))
  Downloading sniffio-1.3.1-py3-none-any.whl.metadata (3.9 kB)
INFO: pip is looking at multiple versions of pandasai-openai to determine which version is compatible with other requirements. This could take a while.
Collecting pandasai-openai (from -r /mount/src/rpa-landuse/requirements.txt (line 20))
  Downloading pandasai_openai-0.1.0-py3-none-any.whl.metadata (848 bytes)
Collecting pandasai (from -r /mount/src/rpa-landuse/requirements.txt (line 18))
  Downloading pandasai-2.2.15-py3-none-any.whl.metadata (10 kB)
  Downloading pandasai-2.2.14-py3-none-any.whl.metadata (10 kB)
  Downloading pandasai-2.2.12-py3-none-any.whl.metadata (10 kB)
INFO: pip is still looking at multiple versions of pandasai-openai to determine which version is compatible with other requirements. This could take a while.
  Downloading pandasai-2.2.11-py3-none-any.whl.metadata (10 kB)
  Downloading pandasai-2.2.10-py3-none-any.whl.metadata (10 kB)
Collecting duckdb (from -r /mount/src/rpa-landuse/requirements.txt (line 4))
  Downloading duckdb-0.10.3-cp312-cp312-manylinux_2_17_x86_64.manylinux2014_x86_64.whl.metadata (763 bytes)
Collecting pandasai (from -r /mount/src/rpa-landuse/requirements.txt (line 18))
  Downloading pandasai-2.2.9-py3-none-any.whl.metadata (10 kB)
INFO: This is taking longer than usual. You might need to provide the dependency resolver with stricter constraints to reduce runtime. See https://pip.pypa.io/warnings/backtracking for guidance. If you want to abort this run, press Ctrl + C.
  Downloading pandasai-2.2.8-py3-none-any.whl.metadata (10 kB)
  Downloading pandasai-2.2.7-py3-none-any.whl.metadata (10 kB)
  Downloading pandasai-2.2.6-py3-none-any.whl.metadata (10 kB)
  Downloading pandasai-2.2.5-py3-none-any.whl.metadata (10 kB)
  Downloading pandasai-2.2.4-py3-none-any.whl.metadata (10 kB)
  Downloading pandasai-2.2.3-py3-none-any.whl.metadata (10 kB)
  Downloading pandasai-2.2.1-py3-none-any.whl.metadata (10 kB)
  Downloading pandasai-2.2-py3-none-any.whl.metadata (10 kB)
  Downloading pandasai-2.1.1-py3-none-any.whl.metadata (9.7 kB)
  Downloading pandasai-2.1-py3-none-any.whl.metadata (9.7 kB)
  Downloading pandasai-2.0.44-py3-none-any.whl.metadata (9.7 kB)
  Downloading pandasai-2.0.43-py3-none-any.whl.metadata (9.8 kB)
  Downloading pandasai-2.0.42-py3-none-any.whl.metadata (9.7 kB)
  Downloading pandasai-2.0.41-py3-none-any.whl.metadata (9.7 kB)
  Downloading pandasai-2.0.40-py3-none-any.whl.metadata (9.7 kB)
  Downloading pandasai-2.0.39-py3-none-any.whl.metadata (9.7 kB)
  Downloading pandasai-2.0.38-py3-none-any.whl.metadata (9.7 kB)
  Downloading pandasai-2.0.37-py3-none-any.whl.metadata (9.7 kB)
  Downloading pandasai-2.0.36-py3-none-any.whl.metadata (9.7 kB)
  Downloading pandasai-2.0.35-py3-none-any.whl.metadata (9.6 kB)
  Downloading pandasai-2.0.34-py3-none-any.whl.metadata (9.6 kB)
  Downloading pandasai-2.0.33-py3-none-any.whl.metadata (9.6 kB)
  Downloading pandasai-2.0.32-py3-none-any.whl.metadata (9.6 kB)
  Downloading pandasai-2.0.30-py3-none-any.whl.metadata (9.6 kB)
  Downloading pandasai-2.0.29-py3-none-any.whl.metadata (9.6 kB)
  Downloading pandasai-2.0.28-py3-none-any.whl.metadata (9.6 kB)
  Downloading pandasai-2.0.27-py3-none-any.whl.metadata (9.4 kB)
  Downloading pandasai-2.0.26-py3-none-any.whl.metadata (9.4 kB)
  Downloading pandasai-2.0.25-py3-none-any.whl.metadata (9.4 kB)
  Downloading pandasai-2.0.24-py3-none-any.whl.metadata (9.4 kB)
  Downloading pandasai-2.0.23-py3-none-any.whl.metadata (9.4 kB)
  Downloading pandasai-2.0.22-py3-none-any.whl.metadata (9.3 kB)
  Downloading pandasai-2.0.21-py3-none-any.whl.metadata (9.3 kB)
  Downloading pandasai-2.0.19-py3-none-any.whl.metadata (9.3 kB)
  Downloading pandasai-2.0.18-py3-none-any.whl.metadata (9.3 kB)
  Downloading pandasai-2.0.16-py3-none-any.whl.metadata (9.2 kB)
  Downloading pandasai-2.0.15-py3-none-any.whl.metadata (9.2 kB)
Collecting flask<4.0.0,>=3.0.2 (from pandasai->-r /mount/src/rpa-landuse/requirements.txt (line 18))
  Downloading flask-3.1.1-py3-none-any.whl.metadata (3.0 kB)
Collecting ipython<9.0.0,>=8.13.1 (from pandasai->-r /mount/src/rpa-landuse/requirements.txt (line 18))
  Downloading ipython-8.36.0-py3-none-any.whl.metadata (5.1 kB)
Collecting pandasai (from -r /mount/src/rpa-landuse/requirements.txt (line 18))
  Downloading pandasai-2.0.14-py3-none-any.whl.metadata (9.2 kB)
  Downloading pandasai-2.0.13-py3-none-any.whl.metadata (9.2 kB)
  Downloading pandasai-2.0.12-py3-none-any.whl.metadata (9.2 kB)
  Downloading pandasai-2.0.9-py3-none-any.whl.metadata (9.2 kB)
Collecting duckdb (from -r /mount/src/rpa-landuse/requirements.txt (line 4))
  Downloading duckdb-0.9.2.tar.gz (10.7 MB)
     â”â”â”â”â”â”â”â”â”â”â”â”â”â”â”â”â”â”â”â”â”â”â”â”â”â”â”â”â”â”â”â”â”â”â”â”â”â”â”â” 10.7/10.7 MB 52.8 MB/s eta 0:00:00[2025-05-15 22:58:10.789570] 
  Installing build dependencies: started
  Installing build dependencies: finished with status 'done'
  Getting requirements to build wheel: started
  Getting requirements to build wheel: finished with status 'done'
  Installing backend dependencies: started
  Installing backend dependencies: finished with status 'done'
  Preparing metadata (pyproject.toml): started
  Preparing metadata (pyproject.toml): finished with status 'done'
Collecting pandasai (from -r /mount/src/rpa-landuse/requirements.txt (line 18))
  Downloading pandasai-2.0.8-py3-none-any.whl.metadata (9.2 kB)
  Downloading pandasai-2.0.7-py3-none-any.whl.metadata (9.1 kB)
  Downloading pandasai-2.0.6-py3-none-any.whl.metadata (9.1 kB)
  Downloading pandasai-2.0.5-py3-none-any.whl.metadata (9.1 kB)
  Downloading pandasai-2.0.3-py3-none-any.whl.metadata (9.0 kB)
  Downloading pandasai-2.0.2-py3-none-any.whl.metadata (9.0 kB)
  Downloading pandasai-2.0-py3-none-any.whl.metadata (9.0 kB)
  Downloading pandasai-1.5.21-py3-none-any.whl.metadata (10 kB)
  Downloading pandasai-1.5.20-py3-none-any.whl.metadata (10 kB)
  Downloading pandasai-1.5.19-py3-none-any.whl.metadata (10 kB)
Collecting pydantic<2,>=1 (from pandasai->-r /mount/src/rpa-landuse/requirements.txt (line 18))
  Downloading pydantic-1.10.22-cp312-cp312-manylinux_2_17_x86_64.manylinux2014_x86_64.whl.metadata (154 kB)
     â”â”â”â”â”â”â”â”â”â”â”â”â”â”â”â”â”â”â”â”â”â”â”â”â”â”â”â”â”â”â”â”â”â”â”â”â” 154.1/154.1 kB 133.5 MB/s eta 0:00:00[2025-05-15 22:58:21.022830] 
Collecting pandasai (from -r /mount/src/rpa-landuse/requirements.txt (line 18))
  Downloading pandasai-1.5.18-py3-none-any.whl.metadata (10 kB)
  Downloading pandasai-1.5.17-py3-none-any.whl.metadata (10 kB)
  Downloading pandasai-1.5.16-py3-none-any.whl.metadata (10 kB)
  Downloading pandasai-1.5.15-py3-none-any.whl.metadata (10 kB)
  Downloading pandasai-1.5.14-py3-none-any.whl.metadata (10 kB)
Collecting duckdb (from -r /mount/src/rpa-landuse/requirements.txt (line 4))
  Downloading duckdb-0.8.1.tar.gz (10.4 MB)
     â”â”â”â”â”â”â”â”â”â”â”â”â”â”â”â”â”â”â”â”â”â”â”â”â”â”â”â”â”â”â”â”â”â”â”â”â”â”â”â” 10.4/10.4 MB 17.1 MB/s eta 0:00:00[2025-05-15 22:58:22.344409] 
  Installing build dependencies: started
  Installing build dependencies: finished with status 'done'
  Getting requirements to build wheel: started
  Getting requirements to build wheel: finished with status 'done'
  Installing backend dependencies: started
  Installing backend dependencies: finished with status 'done'
  Preparing metadata (pyproject.toml): started
  Preparing metadata (pyproject.toml): finished with status 'done'
Collecting pandasai (from -r /mount/src/rpa-landuse/requirements.txt (line 18))
  Downloading pandasai-1.5.13-py3-none-any.whl.metadata (10 kB)
Collecting sqlalchemy<2.0.0,>=1.4.49 (from pandasai->-r /mount/src/rpa-landuse/requirements.txt (line 18))
  Downloading SQLAlchemy-1.4.54-cp312-cp312-manylinux_2_5_x86_64.manylinux1_x86_64.manylinux_2_17_x86_64.manylinux2014_x86_64.whl.metadata (10 kB)
Collecting pandasai (from -r /mount/src/rpa-landuse/requirements.txt (line 18))
  Downloading pandasai-1.5.12-py3-none-any.whl.metadata (10 kB)
  Downloading pandasai-1.5.11-py3-none-any.whl.metadata (10 kB)
  Downloading pandasai-1.5.10-py3-none-any.whl.metadata (10 kB)
  Downloading pandasai-1.5.9-py3-none-any.whl.metadata (10 kB)
  Downloading pandasai-1.5.8-py3-none-any.whl.metadata (10 kB)
  Downloading pandasai-1.5.7-py3-none-any.whl.metadata (10 kB)
  Downloading pandasai-1.5.6-py3-none-any.whl.metadata (10 kB)
  Downloading pandasai-1.5.5-py3-none-any.whl.metadata (10 kB)
  Downloading pandasai-1.5.4-py3-none-any.whl.metadata (10 kB)
  Downloading pandasai-1.5.3-py3-none-any.whl.metadata (10 kB)
  Downloading pandasai-1.5.2-py3-none-any.whl.metadata (10 kB)
  Downloading pandasai-1.5.1-py3-none-any.whl.metadata (10 kB)
  Downloading pandasai-1.5.0-py3-none-any.whl.metadata (10 kB)
  Downloading pandasai-1.4.10-py3-none-any.whl.metadata (10 kB)
  Downloading pandasai-1.4.8-py3-none-any.whl.metadata (10 kB)
Collecting openai (from -r /mount/src/rpa-landuse/requirements.txt (line 19))
  Downloading openai-0.27.10-py3-none-any.whl.metadata (13 kB)
Collecting pandasai (from -r /mount/src/rpa-landuse/requirements.txt (line 18))
  Downloading pandasai-1.4.7-py3-none-any.whl.metadata (10 kB)
Collecting aiohttp (from openai->-r /mount/src/rpa-landuse/requirements.txt (line 19))
  Downloading aiohttp-3.11.18-cp312-cp312-manylinux_2_17_x86_64.manylinux2014_x86_64.whl.metadata (7.7 kB)
Collecting pandasai (from -r /mount/src/rpa-landuse/requirements.txt (line 18))
  Downloading pandasai-1.4.6-py3-none-any.whl.metadata (10 kB)
  Downloading pandasai-1.4.5-py3-none-any.whl.metadata (10 kB)
  Downloading pandasai-1.4.4-py3-none-any.whl.metadata (10 kB)
  Downloading pandasai-1.4.3-py3-none-any.whl.metadata (10 kB)
  Downloading pandasai-1.4.2-py3-none-any.whl.metadata (10 kB)
  Downloading pandasai-1.4.1-py3-none-any.whl.metadata (10 kB)
  Downloading pandasai-1.4-py3-none-any.whl.metadata (10 kB)
  Downloading pandasai-1.3.3-py3-none-any.whl.metadata (10 kB)
  Downloading pandasai-1.3.2-py3-none-any.whl.metadata (10 kB)
  Downloading pandasai-1.3.1-py3-none-any.whl.metadata (10 kB)
  Downloading pandasai-1.3-py3-none-any.whl.metadata (10 kB)
  Downloading pandasai-1.2.10-py3-none-any.whl.metadata (10 kB)
  Downloading pandasai-1.2.8-py3-none-any.whl.metadata (10 kB)
  Downloading pandasai-1.2.7-py3-none-any.whl.metadata (10 kB)
  Downloading pandasai-1.2.6-py3-none-any.whl.metadata (10 kB)
  Downloading pandasai-1.2.5-py3-none-any.whl.metadata (10 kB)
  Downloading pandasai-1.2.4-py3-none-any.whl.metadata (10 kB)
  Downloading pandasai-1.2.3-py3-none-any.whl.metadata (10 kB)
  Downloading pandasai-1.2.2-py3-none-any.whl.metadata (10 kB)
  Downloading pandasai-1.2.1-py3-none-any.whl.metadata (10 kB)
  Downloading pandasai-1.2-py3-none-any.whl.metadata (10 kB)
  Downloading pandasai-1.1.3-py3-none-any.whl.metadata (10 kB)
  Downloading pandasai-1.1.2-py3-none-any.whl.metadata (10 kB)
  Downloading pandasai-1.1.1-py3-none-any.whl.metadata (10 kB)
  Downloading pandasai-1.1-py3-none-any.whl.metadata (10 kB)
  Downloading pandasai-1.0.11-py3-none-any.whl.metadata (10 kB)
  Downloading pandasai-1.0.10-py3-none-any.whl.metadata (10 kB)
  Downloading pandasai-1.0.9-py3-none-any.whl.metadata (10 kB)
  Downloading pandasai-1.0.8-py3-none-any.whl.metadata (10 kB)
  Downloading pandasai-1.0.7-py3-none-any.whl.metadata (10 kB)
  Downloading pandasai-1.0.6-py3-none-any.whl.metadata (10 kB)
  Downloading pandasai-1.0.5-py3-none-any.whl.metadata (10 kB)
  Downloading pandasai-1.0.4-py3-none-any.whl.metadata (10 kB)
  Downloading pandasai-1.0.3-py3-none-any.whl.metadata (10 kB)
  Downloading pandasai-1.0.2-py3-none-any.whl.metadata (10 kB)
  Downloading pandasai-1.0.1-py3-none-any.whl.metadata (10 kB)
  Downloading pandasai-1.0-py3-none-any.whl.metadata (10 kB)
  Downloading pandasai-0.8.4-py3-none-any.whl.metadata (9.3 kB)
  Downloading pandasai-0.8.3-py3-none-any.whl.metadata (9.3 kB)
  Downloading pandasai-0.8.2-py3-none-any.whl.metadata (9.3 kB)
  Downloading pandasai-0.8.1-py3-none-any.whl.metadata (9.3 kB)
  Downloading pandasai-0.8.0-py3-none-any.whl.metadata (9.2 kB)
  Downloading pandasai-0.7.2-py3-none-any.whl.metadata (8.9 kB)
  Downloading pandasai-0.7.1-py3-none-any.whl.metadata (8.9 kB)
  Downloading pandasai-0.7.0-py3-none-any.whl.metadata (8.9 kB)
  Downloading pandasai-0.6.12-py3-none-any.whl.metadata (8.9 kB)
  Downloading pandasai-0.6.11-py3-none-any.whl.metadata (8.9 kB)
  Downloading pandasai-0.6.10-py3-none-any.whl.metadata (8.9 kB)
  Downloading pandasai-0.6.9-py3-none-any.whl.metadata (8.9 kB)
  Downloading pandasai-0.6.8-py3-none-any.whl.metadata (8.9 kB)
  Downloading pandasai-0.6.7-py3-none-any.whl.metadata (8.9 kB)
  Downloading pandasai-0.6.6-py3-none-any.whl.metadata (8.9 kB)
  Downloading pandasai-0.6.5-py3-none-any.whl.metadata (8.9 kB)
  Downloading pandasai-0.6.4-py3-none-any.whl.metadata (8.8 kB)
  Downloading pandasai-0.6.3-py3-none-any.whl.metadata (8.8 kB)
  Downloading pandasai-0.6.2-py3-none-any.whl.metadata (8.8 kB)
  Downloading pandasai-0.6.1-py3-none-any.whl.metadata (8.8 kB)
  Downloading pandasai-0.6.0-py3-none-any.whl.metadata (8.8 kB)
  Downloading pandasai-0.5.5-py3-none-any.whl.metadata (8.2 kB)
  Downloading pandasai-0.5.4-py3-none-any.whl.metadata (8.1 kB)
  Downloading pandasai-0.5.3-py3-none-any.whl.metadata (8.1 kB)
  Downloading pandasai-0.5.2-py3-none-any.whl.metadata (10 kB)
  Downloading pandasai-0.5.1-py3-none-any.whl.metadata (10 kB)
  Downloading pandasai-0.5.0-py3-none-any.whl.metadata (10 kB)
  Downloading pandasai-0.4.2-py3-none-any.whl.metadata (10 kB)
  Downloading pandasai-0.4.1-py3-none-any.whl.metadata (9.8 kB)
  Downloading pandasai-0.4.0-py3-none-any.whl.metadata (9.8 kB)
  Downloading pandasai-0.3.0-py3-none-any.whl.metadata (9.2 kB)
  Downloading pandasai-0.2.16-py3-none-any.whl.metadata (8.0 kB)
  Downloading pandasai-0.2.15-py3-none-any.whl.metadata (7.9 kB)
Collecting google-generativeai<0.2.0,>=0.1.0rc2 (from pandasai->-r /mount/src/rpa-landuse/requirements.txt (line 18))
  Downloading google_generativeai-0.1.0-py3-none-any.whl.metadata (3.0 kB)
Collecting pandasai (from -r /mount/src/rpa-landuse/requirements.txt (line 18))
  Downloading pandasai-0.2.14-py3-none-any.whl.metadata (7.9 kB)
  Downloading pandasai-0.2.13-py3-none-any.whl.metadata (6.7 kB)
  Downloading pandasai-0.2.12-py3-none-any.whl.metadata (6.7 kB)
  Downloading pandasai-0.2.11-py3-none-any.whl.metadata (6.5 kB)
  Downloading pandasai-0.2.10-py3-none-any.whl.metadata (6.5 kB)
  Downloading pandasai-0.2.9-py3-none-any.whl.metadata (6.5 kB)
Collecting pytest-env<0.9.0,>=0.8.1 (from pandasai->-r /mount/src/rpa-landuse/requirements.txt (line 18))
  Downloading pytest_env-0.8.2-py3-none-any.whl.metadata (4.5 kB)
Collecting pandasai (from -r /mount/src/rpa-landuse/requirements.txt (line 18))
  Downloading pandasai-0.2.8-py3-none-any.whl.metadata (6.5 kB)
  Downloading pandasai-0.2.7-py3-none-any.whl.metadata (6.5 kB)
  Downloading pandasai-0.2.6-py3-none-any.whl.metadata (6.5 kB)
  Downloading pandasai-0.2.5-py3-none-any.whl.metadata (6.5 kB)
  Downloading pandasai-0.2.3-py3-none-any.whl.metadata (6.1 kB)
  Downloading pandasai-0.2.2-py3-none-any.whl.metadata (5.2 kB)
  Downloading pandasai-0.2.0-py3-none-any.whl.metadata (5.2 kB)
  Downloading pandasai-0.1.1-py3-none-any.whl.metadata (4.8 kB)
  Downloading pandasai-0.1.0-py3-none-any.whl.metadata (3.6 kB)
  Downloading pandasai-0.0.3-py3-none-any.whl.metadata (3.1 kB)
Collecting scipy>=1.8.0 (from -r /mount/src/rpa-landuse/requirements.txt (line 15))
  Downloading scipy-1.15.2-cp312-cp312-manylinux_2_17_x86_64.manylinux2014_x86_64.whl.metadata (61 kB)
     â”â”â”â”â”â”â”â”â”â”â”â”â”â”â”â”â”â”â”â”â”â”â”â”â”â”â”â”â”â”â”â”â”â”â”â”â”â”â” 62.0/62.0 kB 132.5 MB/s eta 0:00:00[2025-05-15 22:58:47.869943] 
  Downloading scipy-1.15.1-cp312-cp312-manylinux_2_17_x86_64.manylinux2014_x86_64.whl.metadata (61 kB)
     â”â”â”â”â”â”â”â”â”â”â”â”â”â”â”â”â”â”â”â”â”â”â”â”â”â”â”â”â”â”â”â”â”â”â”â”â”â”â” 62.0/62.0 kB 113.9 MB/s eta 0:00:00
  Downloading scipy-1.15.0-cp312-cp312-manylinux_2_17_x86_64.manylinux2014_x86_64.whl.metadata (61 kB)
     â”â”â”â”â”â”â”â”â”â”â”â”â”â”â”â”â”â”â”â”â”â”â”â”â”â”â”â”â”â”â”â”â”â”â”â”â”â”â” 62.0/62.0 kB 150.0 MB/s eta 0:00:00[2025-05-15 22:59:24.391681] 
  Downloading scipy-1.14.1-cp312-cp312-manylinux_2_17_x86_64.manylinux2014_x86_64.whl.metadata (60 kB)
     â”â”â”â”â”â”â”â”â”â”â”â”â”â”â”â”â”â”â”â”â”â”â”â”â”â”â”â”â”â”â”â”â”â”â”â”â”â”â” 60.8/60.8 kB 126.8 MB/s eta 0:00:00[2025-05-15 22:59:44.030613] 
  Downloading scipy-1.14.0-cp312-cp312-manylinux_2_17_x86_64.manylinux2014_x86_64.whl.metadata (60 kB)
     â”â”â”â”â”â”â”â”â”â”â”â”â”â”â”â”â”â”â”â”â”â”â”â”â”â”â”â”â”â”â”â”â”â”â”â”â”â”â” 60.8/60.8 kB 140.4 MB/s eta 0:00:00[2025-05-15 23:00:03.978885] 
  Downloading scipy-1.13.1-cp312-cp312-manylinux_2_17_x86_64.manylinux2014_x86_64.whl.metadata (60 kB)
     â”â”â”â”â”â”â”â”â”â”â”â”â”â”â”â”â”â”â”â”â”â”â”â”â”â”â”â”â”â”â”â”â”â”â”â”â”â”â” 60.6/60.6 kB 103.9 MB/s eta 0:00:00[2025-05-15 23:00:23.462251] 
Collecting numpy<2.0.0,>=1.22.0 (from -r /mount/src/rpa-landuse/requirements.txt (line 2))
  Downloading numpy-1.23.2.tar.gz (10.7 MB)
     â”â”â”â”â”â”â”â”â”â”â”â”â”â”â”â”â”â”â”â”â”â”â”â”â”â”â”â”â”â”â”â”â”â”â”â”â”â”â” 10.7/10.7 MB 127.4 MB/s eta 0:00:00[2025-05-15 23:00:23.814268] 
  Installing build dependencies: started
  Installing build dependencies: finished with status 'done'
  Getting requirements to build wheel: started
  Getting requirements to build wheel: finished with status 'done'
ERROR: Exception:
Traceback (most recent call last):
  File "/home/adminuser/venv/lib/python3.12/site-packages/pip/_internal/cli/base_command.py", line 180, in exc_logging_wrapper
    status = run_func(*args)
             ^^^^^^^^^^^^^^^
  File "/home/adminuser/venv/lib/python3.12/site-packages/pip/_internal/cli/req_command.py", line 245, in wrapper
    return func(self, options, args)
           ^^^^^^^^^^^^^^^^^^^^^^^^^
  File "/home/adminuser/venv/lib/python3.12/site-packages/pip/_internal/commands/install.py", line 377, in run
    requirement_set = resolver.resolve(
                      ^^^^^^^^^^^^^^^^^
  File "/home/adminuser/venv/lib/python3.12/site-packages/pip/_internal/resolution/resolvelib/resolver.py", line 95, in resolve
    result = self._result = resolver.resolve(
                            ^^^^^^^^^^^^^^^^^
  File "/home/adminuser/venv/lib/python3.12/site-packages/pip/_vendor/resolvelib/resolvers.py", line 546, in resolve
    state = resolution.resolve(requirements, max_rounds=max_rounds)
            ^^^^^^^^^^^^^^^^^^^^^^^^^^^^^^^^^^^^^^^^^^^^^^^^^^^^^^^
  File "/home/adminuser/venv/lib/python3.12/site-packages/pip/_vendor/resolvelib/resolvers.py", line 427, in resolve
    failure_causes = self._attempt_to_pin_criterion(name)
                     ^^^^^^^^^^^^^^^^^^^^^^^^^^^^^^^^^^^^
  File "/home/adminuser/venv/lib/python3.12/site-packages/pip/_vendor/resolvelib/resolvers.py", line 239, in _attempt_to_pin_criterion
    criteria = self._get_updated_criteria(candidate)
               ^^^^^^^^^^^^^^^^^^^^^^^^^^^^^^^^^^^^^
  File "/home/adminuser/venv/lib/python3.12/site-packages/pip/_vendor/resolvelib/resolvers.py", line 230, in _get_updated_criteria
    self._add_to_criteria(criteria, requirement, parent=candidate)
  File "/home/adminuser/venv/lib/python3.12/site-packages/pip/_vendor/resolvelib/resolvers.py", line 173, in _add_to_criteria
    if not criterion.candidates:
           ^^^^^^^^^^^^^^^^^^^^
  File "/home/adminuser/venv/lib/python3.12/site-packages/pip/_vendor/resolvelib/structs.py", line 156, in __bool__
    return bool(self._sequence)
           ^^^^^^^^^^^^^^^^^^^^
  File "/home/adminuser/venv/lib/python3.12/site-packages/pip/_internal/resolution/resolvelib/found_candidates.py", line 155, in __bool__
    return any(self)
           ^^^^^^^^^
  File "/home/adminuser/venv/lib/python3.12/site-packages/pip/_internal/resolution/resolvelib/found_candidates.py", line 143, in <genexpr>
    return (c for c in iterator if id(c) not in self._incompatible_ids)
                       ^^^^^^^^
  File "/home/adminuser/venv/lib/python3.12/site-packages/pip/_internal/resolution/resolvelib/found_candidates.py", line 47, in _iter_built
    candidate = func()
                ^^^^^^
  File "/home/adminuser/venv/lib/python3.12/site-packages/pip/_internal/resolution/resolvelib/factory.py", line 182, in _make_candidate_from_link
    base: Optional[BaseCandidate] = self._make_base_candidate_from_link(
                                    ^^^^^^^^^^^^^^^^^^^^^^^^^^^^^^^^^^^^
  File "/home/adminuser/venv/lib/python3.12/site-packages/pip/_internal/resolution/resolvelib/factory.py", line 228, in _make_base_candidate_from_link
    self._link_candidate_cache[link] = LinkCandidate(
                                       ^^^^^^^^^^^^^^
  File "/home/adminuser/venv/lib/python3.12/site-packages/pip/_internal/resolution/resolvelib/candidates.py", line 290, in __init__
    super().__init__(
  File "/home/adminuser/venv/lib/python3.12/site-packages/pip/_internal/resolution/resolvelib/candidates.py", line 156, in __init__
    self.dist = self._prepare()
                ^^^^^^^^^^^^^^^
  File "/home/adminuser/venv/lib/python3.12/site-packages/pip/_internal/resolution/resolvelib/candidates.py", line 222, in _prepare
    dist = self._prepare_distribution()
           ^^^^^^^^^^^^^^^^^^^^^^^^^^^^
  File "/home/adminuser/venv/lib/python3.12/site-packages/pip/_internal/resolution/resolvelib/candidates.py", line 301, in _prepare_distribution
    return preparer.prepare_linked_requirement(self._ireq, parallel_builds=True)
           ^^^^^^^^^^^^^^^^^^^^^^^^^^^^^^^^^^^^^^^^^^^^^^^^^^^^^^^^^^^^^^^^^^^^^
  File "/home/adminuser/venv/lib/python3.12/site-packages/pip/_internal/operations/prepare.py", line 525, in prepare_linked_requirement
    return self._prepare_linked_requirement(req, parallel_builds)
           ^^^^^^^^^^^^^^^^^^^^^^^^^^^^^^^^^^^^^^^^^^^^^^^^^^^^^^
  File "/home/adminuser/venv/lib/python3.12/site-packages/pip/_internal/operations/prepare.py", line 640, in _prepare_linked_requirement
    dist = _get_prepared_distribution(
           ^^^^^^^^^^^^^^^^^^^^^^^^^^^
  File "/home/adminuser/venv/lib/python3.12/site-packages/pip/_internal/operations/prepare.py", line 71, in _get_prepared_distribution
    abstract_dist.prepare_distribution_metadata(
  File "/home/adminuser/venv/lib/python3.12/site-packages/pip/_internal/distributions/sdist.py", line 54, in prepare_distribution_metadata
    self._install_build_reqs(finder)
  File "/home/adminuser/venv/lib/python3.12/site-packages/pip/_internal/distributions/sdist.py", line 124, in _install_build_reqs
    build_reqs = self._get_build_requires_wheel()
                 ^^^^^^^^^^^^^^^^^^^^^^^^^^^^^^^^
  File "/home/adminuser/venv/lib/python3.12/site-packages/pip/_internal/distributions/sdist.py", line 101, in _get_build_requires_wheel
    return backend.get_requires_for_build_wheel()
           ^^^^^^^^^^^^^^^^^^^^^^^^^^^^^^^^^^^^^^
  File "/home/adminuser/venv/lib/python3.12/site-packages/pip/_internal/utils/misc.py", line 745, in get_requires_for_build_wheel
    return super().get_requires_for_build_wheel(config_settings=cs)
           ^^^^^^^^^^^^^^^^^^^^^^^^^^^^^^^^^^^^^^^^^^^^^^^^^^^^^^^^
  File "/home/adminuser/venv/lib/python3.12/site-packages/pip/_vendor/pyproject_hooks/_impl.py", line 166, in get_requires_for_build_wheel
    return self._call_hook('get_requires_for_build_wheel', {
           ^^^^^^^^^^^^^^^^^^^^^^^^^^^^^^^^^^^^^^^^^^^^^^^^^
  File "/home/adminuser/venv/lib/python3.12/site-packages/pip/_vendor/pyproject_hooks/_impl.py", line 321, in _call_hook
    raise BackendUnavailable(data.get('traceback', ''))
pip._vendor.pyproject_hooks._impl.BackendUnavailable: Traceback (most recent call last):
  File "/home/adminuser/venv/lib/python3.12/site-packages/pip/_vendor/pyproject_hooks/_in_process/_in_process.py", line 77, in _build_backend
    obj = import_module(mod_path)
          ^^^^^^^^^^^^^^^^^^^^^^^
  File "/usr/local/lib/python3.12/importlib/__init__.py", line 90, in import_module
    return _bootstrap._gcd_import(name[level:], package, level)
           ^^^^^^^^^^^^^^^^^^^^^^^^^^^^^^^^^^^^^^^^^^^^^^^^^^^^
  File "<frozen importlib._bootstrap>", line 1387, in _gcd_import
  File "<frozen importlib._bootstrap>", line 1360, in _find_and_load
  File "<frozen importlib._bootstrap>", line 1310, in _find_and_load_unlocked
  File "<frozen importlib._bootstrap>", line 488, in _call_with_frames_removed
  File "<frozen importlib._bootstrap>", line 1387, in _gcd_import
  File "<frozen importlib._bootstrap>", line 1360, in _find_and_load
  File "<frozen importlib._bootstrap>", line 1331, in _find_and_load_unlocked
  File "<frozen importlib._bootstrap>", line 935, in _load_unlocked
  File "<frozen importlib._bootstrap_external>", line 999, in exec_module
  File "<frozen importlib._bootstrap>", line 488, in _call_with_frames_removed
  File "/tmp/pip-build-env-0svpwu39/overlay/lib/python3.12/site-packages/setuptools/__init__.py", line 10, in <module>
    import distutils.core
ModuleNotFoundError: No module named 'distutils'


[notice] A new release of pip is available: 24.0 -> 25.1.1
[notice] To update, run: pip install --upgrade pip
Checking if Streamlit is installed
Installing rich for an improved exception logging
Using standard pip install.
Collecting rich>=10.14.0
  Downloading rich-14.0.0-py3-none-any.whl.metadata (18 kB)
Collecting markdown-it-py>=2.2.0 (from rich>=10.14.0)
  Downloading markdown_it_py-3.0.0-py3-none-any.whl.metadata (6.9 kB)
Collecting pygments<3.0.0,>=2.13.0 (from rich>=10.14.0)
  Downloading pygments-2.19.1-py3-none-any.whl.metadata (2.5 kB)
Collecting mdurl~=0.1 (from markdown-it-py>=2.2.0->rich>=10.14.0)
  Downloading mdurl-0.1.2-py3-none-any.whl.metadata (1.6 kB)
Downloading rich-14.0.0-py3-none-any.whl (243 kB)
   â”â”â”â”â”â”â”â”â”â”â”â”â”â”â”â”â”â”â”â”â”â”â”â”â”â”â”â”â”â”â”â”â”â”â”â”â”â”â”â” 243.2/243.2 kB 13.2 MB/s eta 0:00:00[2025-05-15 23:00:32.618869] 
Downloading markdown_it_py-3.0.0-py3-none-any.whl (87 kB)
   â”â”â”â”â”â”â”â”â”â”â”â”â”â”â”â”â”â”â”â”â”â”â”â”â”â”â”â”â”â”â”â”â”â”â”â”â”â”â”â” 87.5/87.5 kB 136.3 MB/s eta 0:00:00[2025-05-15 23:00:32.633590] 
Downloading pygments-2.19.1-py3-none-any.whl (1.2 MB)
   â”â”â”â”â”â”â”â”â”â”â”â”â”â”â”â”â”â”â”â”â”â”â”â”â”â”â”â”â”â”â”â”â”â”â”â”â”â”â”â” 1.2/1.2 MB 63.3 MB/s eta 0:00:00[2025-05-15 23:00:32.667296] 
Downloading mdurl-0.1.2-py3-none-any.whl (10.0 kB)
Installing collected packages: pygments, mdurl, markdown-it-py, rich
  Attempting uninstall: pygments
    Found existing installation: Pygments 2.19.1
    Uninstalling Pygments-2.19.1:
      Successfully uninstalled Pygments-2.19.1
  Attempting uninstall: mdurl
    Found existing installation: mdurl 0.1.2
    Uninstalling mdurl-0.1.2:
      Successfully uninstalled mdurl-0.1.2
  Attempting uninstall: markdown-it-py
    Found existing installation: markdown-it-py 3.0.0
    Uninstalling markdown-it-py-3.0.0:
      Successfully uninstalled markdown-it-py-3.0.0
  Attempting uninstall: rich
    Found existing installation: rich 14.0.0
    Uninstalling rich-14.0.0:
      Successfully uninstalled rich-14.0.0
Successfully installed markdown-it-py-3.0.0 mdurl-0.1.2 pygments-2.19.1 rich-14.0.0

[notice] A new release of pip is available: 24.0 -> 25.1.1
[notice] To update, run: pip install --upgrade pip

â”€â”€â”€â”€â”€â”€â”€â”€â”€â”€â”€â”€â”€â”€â”€â”€â”€â”€â”€â”€â”€â”€â”€â”€â”€â”€â”€â”€â”€â”€â”€â”€â”€â”€â”€â”€â”€â”€â”€â”€â”€â”€â”€â”€â”€â”€â”€â”€â”€â”€â”€â”€â”€â”€â”€â”€â”€â”€â”€â”€â”€â”€â”€â”€â”€â”€â”€â”€â”€â”€â”€â”€â”€â”€â”€â”€â”€â”€â”€â”€â”€â”€â”€â”€â”€â”€â”€â”€

[23:00:35] â—ï¸ installer returned a non-zero exit code
[23:00:35] â—ï¸ Error during processing dependencies! Please fix the error and push an update, or try restarting the app.